# JRE version: OpenJDK Runtime Environment Temurin-11.0.14.1+1 (11.0.14.1+1) (build 11.0.14.1+1)
# Java VM: OpenJDK 64-Bit Server VM Temurin-11.0.14.1+1 (11.0.14.1+1, mixed mode, tiered, compressed oops, g1 gc, windows-amd64)
Heap:
 garbage-first heap   total 524288K, used 41502K [0x0000000601200000, 0x0000000800000000)
  region size 2048K, 20 young (40960K), 4 survivors (8192K)
 Metaspace       used 25305K, capacity 25765K, committed 25980K, reserved 1073152K
  class space    used 2535K, capacity 2683K, committed 2764K, reserved 1048576K
GC Heap History (6 events):
Event: 0.570 GC heap before
{Heap before GC invocations=0 (full 0):
 garbage-first heap   total 524288K, used 22528K [0x0000000601200000, 0x0000000800000000)
  region size 2048K, 12 young (24576K), 0 survivors (0K)
 Metaspace       used 13083K, capacity 13255K, committed 13440K, reserved 1060864K
  class space    used 1285K, capacity 1350K, committed 1408K, reserved 1048576K
}
Event: 0.574 GC heap after
{Heap after GC invocations=1 (full 0):
 garbage-first heap   total 524288K, used 3131K [0x0000000601200000, 0x0000000800000000)
  region size 2048K, 2 young (4096K), 2 survivors (4096K)
 Metaspace       used 13083K, capacity 13255K, committed 13440K, reserved 1060864K
  class space    used 1285K, capacity 1350K, committed 1408K, reserved 1048576K
}
Event: 1.219 GC heap before
{Heap before GC invocations=1 (full 0):
 garbage-first heap   total 524288K, used 27707K [0x0000000601200000, 0x0000000800000000)
  region size 2048K, 15 young (30720K), 2 survivors (4096K)
 Metaspace       used 20834K, capacity 21200K, committed 21296K, reserved 1069056K
  class space    used 2045K, capacity 2172K, committed 2176K, reserved 1048576K
}
Event: 1.226 GC heap after
{Heap after GC invocations=2 (full 0):
 garbage-first heap   total 524288K, used 6382K [0x0000000601200000, 0x0000000800000000)
  region size 2048K, 4 young (8192K), 4 survivors (8192K)
 Metaspace       used 20834K, capacity 21200K, committed 21296K, reserved 1069056K
  class space    used 2045K, capacity 2172K, committed 2176K, reserved 1048576K
}
Event: 1.974 GC heap before
{Heap before GC invocations=3 (full 0):
 garbage-first heap   total 524288K, used 49390K [0x0000000601200000, 0x0000000800000000)
  region size 2048K, 25 young (51200K), 4 survivors (8192K)
 Metaspace       used 25146K, capacity 25602K, committed 25724K, reserved 1073152K
  class space    used 2529K, capacity 2678K, committed 2764K, reserved 1048576K
}
Event: 1.986 GC heap after
{Heap after GC invocations=4 (full 0):
 garbage-first heap   total 524288K, used 10782K [0x0000000601200000, 0x0000000800000000)
  region size 2048K, 4 young (8192K), 4 survivors (8192K)
 Metaspace       used 25146K, capacity 25602K, committed 25724K, reserved 1073152K
  class space    used 2529K, capacity 2678K, committed 2764K, reserved 1048576K
}

